<?xml version="1.0" encoding="UTF-8"?>
<!-- Generated by org.testng.reporters.JUnitReportReporter -->
<testsuite hostname="lenovo-PC" name="com.automation.tests.Sanity" tests="1" failures="0" timestamp="8 Feb 2017 18:28:33 GMT" time="0.115" errors="0">
  <testcase name="searchTextInSite" time="0.115" classname="com.automation.tests.Sanity"/>
</testsuite> <!-- com.automation.tests.Sanity -->
