<?xml version="1.0" encoding="UTF-8"?>
<!-- Generated by org.testng.reporters.JUnitReportReporter -->
<testsuite skipped="0" hostname="lenovo-PC" name="com.hot.tests.SanityTC" tests="2" failures="0" timestamp="25 יול 2017 20:34:23 GMT" time="5.479" errors="0">
  <testcase name="testCase1" time="5.099" classname="com.hot.tests.SanityTC"/>
  <testcase name="testCase2" time="0.380" classname="com.hot.tests.SanityTC"/>
</testsuite> <!-- com.hot.tests.SanityTC -->
