<?xml version="1.0" encoding="UTF-8"?>
<!-- Generated by org.testng.reporters.JUnitReportReporter -->
<testsuite skipped="0" hostname="lenovo-PC" name="com.hot.tests.RegressionTC" tests="2" failures="0" timestamp="23 יול 2017 10:09:13 GMT" time="17.806" errors="0">
  <testcase name="testCase1" time="17.500" classname="com.hot.tests.RegressionTC"/>
  <testcase name="testCase2" time="0.306" classname="com.hot.tests.RegressionTC"/>
</testsuite> <!-- com.hot.tests.RegressionTC -->
